<?xml version="1.0" encoding="UTF-8"?>
<testsuite name="com.example.project.TestInsertionSort" tests="6" skipped="0" failures="0" errors="0" timestamp="2025-02-26T16:41:10" hostname="codespaces-72b2cd" time="0.067">
  <properties/>
  <testcase name="testInsertionSort_Words()" classname="com.example.project.TestInsertionSort" time="0.036"/>
  <testcase name="testInsertionSort_EmptyArray()" classname="com.example.project.TestInsertionSort" time="0.006"/>
  <testcase name="testInsertionSort_ReverseSortedArray()" classname="com.example.project.TestInsertionSort" time="0.005"/>
  <testcase name="testInsertionSort_UnsortedArray()" classname="com.example.project.TestInsertionSort" time="0.003"/>
  <testcase name="testInsertionSort_AlreadySortedArray()" classname="com.example.project.TestInsertionSort" time="0.001"/>
  <testcase name="testInsertionSort_SingleElementArray()" classname="com.example.project.TestInsertionSort" time="0.001"/>
  <system-out><![CDATA[0
10
5
0
0
]]></system-out>
  <system-err><![CDATA[]]></system-err>
</testsuite>
